<?xml version="1.0" encoding="UTF-8"?>
<!-- Generated by org.testng.reporters.JUnitReportReporter -->
<testsuite skipped="0" hostname="DESKTOP-V3MT9JO" name="com.test.GoogleTitle" tests="6" failures="0" timestamp="2019-09-08T01:29:14 IST" time="121.997" errors="0">
  <testcase name="googleTitleTest" time="58.736" classname="com.test.GoogleTitle"/>
  <testcase name="googleLogoTest" time="9.371" classname="com.test.GoogleTitle"/>
  <testcase name="mailLinkTest" time="12.111" classname="com.test.GoogleTitle"/>
  <testcase name="test1" time="18.248" classname="com.test.GoogleTitle"/>
  <testcase name="test2" time="10.594" classname="com.test.GoogleTitle"/>
  <testcase name="test3" time="12.937" classname="com.test.GoogleTitle"/>
</testsuite> <!-- com.test.GoogleTitle -->
