<?xml version="1.0" encoding="UTF-8"?>
<!-- Generated by org.testng.reporters.JUnitReportReporter -->
<testsuite skipped="0" hostname="DESKTOP-V3MT9JO" name="com.test.ExceptionTimeOutTest" tests="1" failures="0" timestamp="2019-09-08T01:29:14 IST" time="0.013" errors="0">
  <testcase name="test1" time="0.013" classname="com.test.ExceptionTimeOutTest"/>
</testsuite> <!-- com.test.ExceptionTimeOutTest -->
