<?xml version="1.0" encoding="UTF-8"?>
<!-- Generated by org.testng.reporters.JUnitReportReporter -->
<testsuite skipped="0" hostname="DESKTOP-V3MT9JO" name="com.parameters.ParameterTest" tests="1" failures="0" timestamp="2019-09-08T14:46:01 IST" time="36.899" errors="0">
  <testcase name="gmailLoginTest" time="36.899" classname="com.parameters.ParameterTest"/>
</testsuite> <!-- com.parameters.ParameterTest -->
