<?xml version="1.0" encoding="UTF-8"?>
<!-- Generated by org.testng.reporters.JUnitReportReporter -->
<testsuite skipped="0" hostname="DESKTOP-V3MT9JO" name="com.test.TestNGBasics" tests="2" failures="0" timestamp="2019-09-08T01:57:50 IST" time="0.017" errors="0">
  <testcase name="regTest" time="0.012" classname="com.test.TestNGBasics"/>
  <testcase name="searchTest" time="0.005" classname="com.test.TestNGBasics"/>
</testsuite> <!-- com.test.TestNGBasics -->
