<?xml version="1.0" encoding="UTF-8"?>
<!-- Generated by org.testng.reporters.JUnitReportReporter -->
<testsuite skipped="0" hostname="DESKTOP-V3MT9JO" name="com.test.TestNGFeatures" tests="4" failures="0" timestamp="2019-09-08T01:52:29 IST" time="0.023" errors="0">
  <testcase name="homePageTest" time="0.001" classname="com.test.TestNGFeatures"/>
  <testcase name="loginTest" time="0.017" classname="com.test.TestNGFeatures"/>
  <testcase name="regPageTest" time="0.003" classname="com.test.TestNGFeatures"/>
  <testcase name="searchPageTest" time="0.002" classname="com.test.TestNGFeatures"/>
</testsuite> <!-- com.test.TestNGFeatures -->
