<?xml version="1.0" encoding="UTF-8"?>
<!-- Generated by org.testng.reporters.JUnitReportReporter -->
<testsuite skipped="0" hostname="DESKTOP-V3MT9JO" name="com.test.InvocationCount" tests="10" failures="0" timestamp="2019-09-08T01:29:14 IST" time="0.021" errors="0">
  <testcase name="sum" time="0.001" classname="com.test.InvocationCount"/>
  <testcase name="sum" time="0.004" classname="com.test.InvocationCount"/>
  <testcase name="sum" time="0.002" classname="com.test.InvocationCount"/>
  <testcase name="sum" time="0.002" classname="com.test.InvocationCount"/>
  <testcase name="sum" time="0.001" classname="com.test.InvocationCount"/>
  <testcase name="sum" time="0.002" classname="com.test.InvocationCount"/>
  <testcase name="sum" time="0.002" classname="com.test.InvocationCount"/>
  <testcase name="sum" time="0.003" classname="com.test.InvocationCount"/>
  <testcase name="sum" time="0.002" classname="com.test.InvocationCount"/>
  <testcase name="sum" time="0.002" classname="com.test.InvocationCount"/>
</testsuite> <!-- com.test.InvocationCount -->
