<?xml version="1.0" encoding="UTF-8"?>
<!-- Generated by org.testng.reporters.JUnitReportReporter -->
<testsuite skipped="1" hostname="DESKTOP-V3MT9JO" name="com.test.DDTExcel" tests="1" failures="0" timestamp="2019-09-08T21:04:07 IST" time="0.000" errors="0">
  <testcase name="DemoProject" time="0.000" classname="com.test.DDTExcel">
    <skipped/>
  </testcase> <!-- DemoProject -->
</testsuite> <!-- com.test.DDTExcel -->
